<?xml version="1.0" encoding="UTF-8"?>
<!-- Generated by org.testng.reporters.JUnitReportReporter -->
<testsuite hostname="DESKTOP-UE7OVQ1" failures="0" tests="1" name="example6.web6" time="50.686" errors="0" timestamp="25 Jan 2022 14:13:48 GMT" skipped="0">
  <testcase classname="example6.web6" name="f" time="50.686"/>
</testsuite> <!-- example6.web6 -->
